<?xml version="1.0" encoding="UTF-8"?>
<!-- Generated by org.testng.reporters.JUnitReportReporter -->
<testsuite hostname="CPB-001451" name="teste.testee.testTestNG" tests="1" failures="0" timestamp="17 Feb 2017 17:21:36 GMT" time="23.840" errors="0">
  <testcase name="testENovoCadastro" time="23.840" classname="teste.testee.testTestNG"/>
</testsuite> <!-- teste.testee.testTestNG -->
